[36mINFO[0m[2023-03-26 20:17:42] Upload /root/workspace/work2/bmft-blog/docs/.nojekyll => cos://bmft-blog//.nojekyll 
[36mINFO[0m[2023-03-26 20:17:43] Upload /root/workspace/work2/bmft-blog/docs/README.md => cos://bmft-blog//README.md 
[36mINFO[0m[2023-03-26 20:17:43] Upload /root/workspace/work2/bmft-blog/docs/_coverpage.md => cos://bmft-blog//_coverpage.md 
[36mINFO[0m[2023-03-26 20:17:44] Upload /root/workspace/work2/bmft-blog/docs/_navbar.md => cos://bmft-blog//_navbar.md 
[36mINFO[0m[2023-03-26 20:17:44] Upload /root/workspace/work2/bmft-blog/docs/_sidebar.md => cos://bmft-blog//_sidebar.md 
[36mINFO[0m[2023-03-26 20:17:44] Upload /root/workspace/work2/bmft-blog/docs/baidu_verify_codeva-6UIkoH5anV.html => cos://bmft-blog//baidu_verify_codeva-6UIkoH5anV.html 
[36mINFO[0m[2023-03-26 20:17:44] Upload /root/workspace/work2/bmft-blog/docs/config.js => cos://bmft-blog//config.js 
[36mINFO[0m[2023-03-26 20:17:45] Upload /root/workspace/work2/bmft-blog/docs/gitbook-summary.yaml => cos://bmft-blog//gitbook-summary.yaml 
[36mINFO[0m[2023-03-26 20:17:45] Upload /root/workspace/work2/bmft-blog/docs/index.html => cos://bmft-blog//index.html 
[36mINFO[0m[2023-03-26 20:17:45] Upload /root/workspace/work2/bmft-blog/docs/script.bk => cos://bmft-blog//script.bk 
[36mINFO[0m[2023-03-26 20:17:45] Upload /root/workspace/work2/bmft-blog/docs/1-throught/0302-change-of-corner-overtaking.md => cos://bmft-blog//1-throught/0302-change-of-corner-overtaking.md 
[36mINFO[0m[2023-03-26 20:17:46] Upload /root/workspace/work2/bmft-blog/docs/1-throught/0326-how-to-learn-cs.md => cos://bmft-blog//1-throught/0326-how-to-learn-cs.md 
[36mINFO[0m[2023-03-26 20:17:46] Upload /root/workspace/work2/bmft-blog/docs/2-program/0325-golang-implements-mysqldump.md => cos://bmft-blog//2-program/0325-golang-implements-mysqldump.md 
[36mINFO[0m[2023-03-26 20:17:46] Upload /root/workspace/work2/bmft-blog/docs/_media/favicon.ico => cos://bmft-blog//_media/favicon.ico 
[36mINFO[0m[2023-03-26 20:17:52] Sync upload file localPath skip, /root/workspace/work2/bmft-blog/docs/.nojekyll 
[36mINFO[0m[2023-03-26 20:17:52] Sync upload file localPath skip, /root/workspace/work2/bmft-blog/docs/README.md 
[36mINFO[0m[2023-03-26 20:17:53] Sync upload file localPath skip, /root/workspace/work2/bmft-blog/docs/_coverpage.md 
[36mINFO[0m[2023-03-26 20:17:53] Sync upload file localPath skip, /root/workspace/work2/bmft-blog/docs/_navbar.md 
[36mINFO[0m[2023-03-26 20:17:53] Sync upload file localPath skip, /root/workspace/work2/bmft-blog/docs/_sidebar.md 
[36mINFO[0m[2023-03-26 20:17:53] Sync upload file localPath skip, /root/workspace/work2/bmft-blog/docs/baidu_verify_codeva-6UIkoH5anV.html 
[36mINFO[0m[2023-03-26 20:17:53] Sync upload file localPath skip, /root/workspace/work2/bmft-blog/docs/config.js 
[36mINFO[0m[2023-03-26 20:17:54] Sync upload file localPath skip, /root/workspace/work2/bmft-blog/docs/gitbook-summary.yaml 
[36mINFO[0m[2023-03-26 20:17:54] Sync upload file localPath skip, /root/workspace/work2/bmft-blog/docs/index.html 
[36mINFO[0m[2023-03-26 20:17:54] Sync upload file localPath skip, /root/workspace/work2/bmft-blog/docs/script.bk 
[36mINFO[0m[2023-03-26 20:17:54] Sync upload file localPath skip, /root/workspace/work2/bmft-blog/docs/1-throught/0302-change-of-corner-overtaking.md 
[36mINFO[0m[2023-03-26 20:17:54] Sync upload file localPath skip, /root/workspace/work2/bmft-blog/docs/1-throught/0326-how-to-learn-cs.md 
[36mINFO[0m[2023-03-26 20:17:55] Sync upload file localPath skip, /root/workspace/work2/bmft-blog/docs/2-program/0325-golang-implements-mysqldump.md 
[36mINFO[0m[2023-03-26 20:17:55] Sync upload file localPath skip, /root/workspace/work2/bmft-blog/docs/_media/favicon.ico 
